<?xml version="1.0" encoding="UTF-8"?>
<!-- Generated by org.testng.reporters.JUnitReportReporter -->
<testsuite skipped="0" hostname="DESKTOP-AKF4O72" name="projectTests.SetUpAnAccount" tests="2" failures="0" timestamp="14 Mar 2019 04:30:47 GMT" time="92.024" errors="0">
  <testcase name="testWIFI2" time="43.232" classname="projectTests.SetUpAnAccount"/>
  <testcase name="setUpAccount" time="48.792" classname="projectTests.SetUpAnAccount"/>
</testsuite> <!-- projectTests.SetUpAnAccount -->
